<?xml version="1.0" encoding="UTF-8"?>
<testsuite xmlns:xsi="http://www.w3.org/2001/XMLSchema-instance" xsi:noNamespaceSchemaLocation="https://maven.apache.org/surefire/maven-surefire-plugin/xsd/surefire-test-report.xsd" name="com.anjiPlus.test.resource.TestResource" time="0.046" tests="1" errors="0" skipped="0" failures="0">
  <properties>
    <property name="gopherProxySet" value="false"/>
    <property name="awt.toolkit" value="sun.lwawt.macosx.LWCToolkit"/>
    <property name="file.encoding.pkg" value="sun.io"/>
    <property name="java.specification.version" value="1.8"/>
    <property name="sun.cpu.isalist" value=""/>
    <property name="sun.jnu.encoding" value="UTF-8"/>
    <property name="java.class.path" value="/Users/kean_qi/Desktop/AllwaysWork/AllwaysGit/GitHub/JAVAContactProject/java/webDemo/target/test-classes:/Users/kean_qi/Desktop/AllwaysWork/AllwaysGit/GitHub/JAVAContactProject/java/webDemo/target/classes:/Users/kean_qi/MavenBuild/repo/junit/junit/4.11/junit-4.11.jar:/Users/kean_qi/MavenBuild/repo/org/hamcrest/hamcrest-core/1.3/hamcrest-core-1.3.jar:/Users/kean_qi/MavenBuild/repo/javax/servlet/javax.servlet-api/3.1.0/javax.servlet-api-3.1.0.jar:/Users/kean_qi/MavenBuild/repo/org/springframework/spring-core/4.3.10.RELEASE/spring-core-4.3.10.RELEASE.jar:/Users/kean_qi/MavenBuild/repo/commons-logging/commons-logging/1.2/commons-logging-1.2.jar:/Users/kean_qi/MavenBuild/repo/org/springframework/spring-web/4.3.10.RELEASE/spring-web-4.3.10.RELEASE.jar:/Users/kean_qi/MavenBuild/repo/org/springframework/spring-beans/4.3.10.RELEASE/spring-beans-4.3.10.RELEASE.jar:/Users/kean_qi/MavenBuild/repo/org/springframework/spring-context/4.3.10.RELEASE/spring-context-4.3.10.RELEASE.jar:/Users/kean_qi/MavenBuild/repo/org/springframework/spring-oxm/4.3.10.RELEASE/spring-oxm-4.3.10.RELEASE.jar:/Users/kean_qi/MavenBuild/repo/org/springframework/spring-tx/4.3.10.RELEASE/spring-tx-4.3.10.RELEASE.jar:/Users/kean_qi/MavenBuild/repo/org/springframework/spring-jdbc/4.3.10.RELEASE/spring-jdbc-4.3.10.RELEASE.jar:/Users/kean_qi/MavenBuild/repo/org/springframework/spring-webmvc/4.3.10.RELEASE/spring-webmvc-4.3.10.RELEASE.jar:/Users/kean_qi/MavenBuild/repo/org/springframework/spring-expression/4.3.10.RELEASE/spring-expression-4.3.10.RELEASE.jar:/Users/kean_qi/MavenBuild/repo/org/springframework/spring-aop/4.3.10.RELEASE/spring-aop-4.3.10.RELEASE.jar:/Users/kean_qi/MavenBuild/repo/org/springframework/spring-context-support/4.3.10.RELEASE/spring-context-support-4.3.10.RELEASE.jar:/Users/kean_qi/MavenBuild/repo/org/springframework/spring-aspects/4.3.10.RELEASE/spring-aspects-4.3.10.RELEASE.jar:/Users/kean_qi/MavenBuild/repo/org/aspectj/aspectjweaver/1.8.10/aspectjweaver-1.8.10.jar:/Users/kean_qi/MavenBuild/repo/org/springframework/spring-test/4.3.10.RELEASE/spring-test-4.3.10.RELEASE.jar:/Users/kean_qi/MavenBuild/repo/com/alibaba/fastjson/1.2.47/fastjson-1.2.47.jar:"/>
    <property name="java.vm.vendor" value="Oracle Corporation"/>
    <property name="sun.arch.data.model" value="64"/>
    <property name="java.vendor.url" value="http://java.oracle.com/"/>
    <property name="user.timezone" value=""/>
    <property name="java.vm.specification.version" value="1.8"/>
    <property name="os.name" value="Mac OS X"/>
    <property name="user.country" value="CN"/>
    <property name="sun.java.launcher" value="SUN_STANDARD"/>
    <property name="sun.boot.library.path" value="/Library/Java/JavaVirtualMachines/jdk1.8.0_171.jdk/Contents/Home/jre/lib"/>
    <property name="sun.java.command" value="/Users/kean_qi/Desktop/AllwaysWork/AllwaysGit/GitHub/JAVAContactProject/java/webDemo/target/surefire/surefirebooter6962593353761239693.jar /Users/kean_qi/Desktop/AllwaysWork/AllwaysGit/GitHub/JAVAContactProject/java/webDemo/target/surefire 2018-07-30T10-10-34_983-jvmRun1 surefire8373669483540408021tmp surefire_01391629760634249799tmp"/>
    <property name="surefire.test.class.path" value="/Users/kean_qi/Desktop/AllwaysWork/AllwaysGit/GitHub/JAVAContactProject/java/webDemo/target/test-classes:/Users/kean_qi/Desktop/AllwaysWork/AllwaysGit/GitHub/JAVAContactProject/java/webDemo/target/classes:/Users/kean_qi/MavenBuild/repo/junit/junit/4.11/junit-4.11.jar:/Users/kean_qi/MavenBuild/repo/org/hamcrest/hamcrest-core/1.3/hamcrest-core-1.3.jar:/Users/kean_qi/MavenBuild/repo/javax/servlet/javax.servlet-api/3.1.0/javax.servlet-api-3.1.0.jar:/Users/kean_qi/MavenBuild/repo/org/springframework/spring-core/4.3.10.RELEASE/spring-core-4.3.10.RELEASE.jar:/Users/kean_qi/MavenBuild/repo/commons-logging/commons-logging/1.2/commons-logging-1.2.jar:/Users/kean_qi/MavenBuild/repo/org/springframework/spring-web/4.3.10.RELEASE/spring-web-4.3.10.RELEASE.jar:/Users/kean_qi/MavenBuild/repo/org/springframework/spring-beans/4.3.10.RELEASE/spring-beans-4.3.10.RELEASE.jar:/Users/kean_qi/MavenBuild/repo/org/springframework/spring-context/4.3.10.RELEASE/spring-context-4.3.10.RELEASE.jar:/Users/kean_qi/MavenBuild/repo/org/springframework/spring-oxm/4.3.10.RELEASE/spring-oxm-4.3.10.RELEASE.jar:/Users/kean_qi/MavenBuild/repo/org/springframework/spring-tx/4.3.10.RELEASE/spring-tx-4.3.10.RELEASE.jar:/Users/kean_qi/MavenBuild/repo/org/springframework/spring-jdbc/4.3.10.RELEASE/spring-jdbc-4.3.10.RELEASE.jar:/Users/kean_qi/MavenBuild/repo/org/springframework/spring-webmvc/4.3.10.RELEASE/spring-webmvc-4.3.10.RELEASE.jar:/Users/kean_qi/MavenBuild/repo/org/springframework/spring-expression/4.3.10.RELEASE/spring-expression-4.3.10.RELEASE.jar:/Users/kean_qi/MavenBuild/repo/org/springframework/spring-aop/4.3.10.RELEASE/spring-aop-4.3.10.RELEASE.jar:/Users/kean_qi/MavenBuild/repo/org/springframework/spring-context-support/4.3.10.RELEASE/spring-context-support-4.3.10.RELEASE.jar:/Users/kean_qi/MavenBuild/repo/org/springframework/spring-aspects/4.3.10.RELEASE/spring-aspects-4.3.10.RELEASE.jar:/Users/kean_qi/MavenBuild/repo/org/aspectj/aspectjweaver/1.8.10/aspectjweaver-1.8.10.jar:/Users/kean_qi/MavenBuild/repo/org/springframework/spring-test/4.3.10.RELEASE/spring-test-4.3.10.RELEASE.jar:/Users/kean_qi/MavenBuild/repo/com/alibaba/fastjson/1.2.47/fastjson-1.2.47.jar:"/>
    <property name="sun.cpu.endian" value="little"/>
    <property name="user.home" value="/Users/kean_qi"/>
    <property name="user.language" value="zh"/>
    <property name="java.specification.vendor" value="Oracle Corporation"/>
    <property name="java.home" value="/Library/Java/JavaVirtualMachines/jdk1.8.0_171.jdk/Contents/Home/jre"/>
    <property name="basedir" value="/Users/kean_qi/Desktop/AllwaysWork/AllwaysGit/GitHub/JAVAContactProject/java/webDemo"/>
    <property name="file.separator" value="/"/>
    <property name="line.separator" value="&#10;"/>
    <property name="java.vm.specification.vendor" value="Oracle Corporation"/>
    <property name="java.specification.name" value="Java Platform API Specification"/>
    <property name="java.awt.graphicsenv" value="sun.awt.CGraphicsEnvironment"/>
    <property name="surefire.real.class.path" value="/Users/kean_qi/Desktop/AllwaysWork/AllwaysGit/GitHub/JAVAContactProject/java/webDemo/target/surefire/surefirebooter6962593353761239693.jar"/>
    <property name="sun.boot.class.path" value="/Library/Java/JavaVirtualMachines/jdk1.8.0_171.jdk/Contents/Home/jre/lib/resources.jar:/Library/Java/JavaVirtualMachines/jdk1.8.0_171.jdk/Contents/Home/jre/lib/rt.jar:/Library/Java/JavaVirtualMachines/jdk1.8.0_171.jdk/Contents/Home/jre/lib/sunrsasign.jar:/Library/Java/JavaVirtualMachines/jdk1.8.0_171.jdk/Contents/Home/jre/lib/jsse.jar:/Library/Java/JavaVirtualMachines/jdk1.8.0_171.jdk/Contents/Home/jre/lib/jce.jar:/Library/Java/JavaVirtualMachines/jdk1.8.0_171.jdk/Contents/Home/jre/lib/charsets.jar:/Library/Java/JavaVirtualMachines/jdk1.8.0_171.jdk/Contents/Home/jre/lib/jfr.jar:/Library/Java/JavaVirtualMachines/jdk1.8.0_171.jdk/Contents/Home/jre/classes"/>
    <property name="sun.management.compiler" value="HotSpot 64-Bit Tiered Compilers"/>
    <property name="java.runtime.version" value="1.8.0_171-b11"/>
    <property name="user.name" value="kean_qi"/>
    <property name="path.separator" value=":"/>
    <property name="os.version" value="10.13.6"/>
    <property name="java.endorsed.dirs" value="/Library/Java/JavaVirtualMachines/jdk1.8.0_171.jdk/Contents/Home/jre/lib/endorsed"/>
    <property name="java.runtime.name" value="Java(TM) SE Runtime Environment"/>
    <property name="file.encoding" value="UTF-8"/>
    <property name="java.vm.name" value="Java HotSpot(TM) 64-Bit Server VM"/>
    <property name="localRepository" value="/Users/kean_qi/MavenBuild/repo"/>
    <property name="java.vendor.url.bug" value="http://bugreport.sun.com/bugreport/"/>
    <property name="java.io.tmpdir" value="/var/folders/zz/ctfzd7mx0jdflq6f07n_3lc80000gn/T/"/>
    <property name="idea.version" value="2018.2"/>
    <property name="java.version" value="1.8.0_171"/>
    <property name="user.dir" value="/Users/kean_qi/Desktop/AllwaysWork/AllwaysGit/GitHub/JAVAContactProject/java/webDemo"/>
    <property name="os.arch" value="x86_64"/>
    <property name="java.vm.specification.name" value="Java Virtual Machine Specification"/>
    <property name="java.awt.printerjob" value="sun.lwawt.macosx.CPrinterJob"/>
    <property name="sun.os.patch.level" value="unknown"/>
    <property name="java.library.path" value="/Users/kean_qi/Library/Java/Extensions:/Library/Java/Extensions:/Network/Library/Java/Extensions:/System/Library/Java/Extensions:/usr/lib/java:."/>
    <property name="java.vm.info" value="mixed mode"/>
    <property name="java.vendor" value="Oracle Corporation"/>
    <property name="java.vm.version" value="25.171-b11"/>
    <property name="java.ext.dirs" value="/Users/kean_qi/Library/Java/Extensions:/Library/Java/JavaVirtualMachines/jdk1.8.0_171.jdk/Contents/Home/jre/lib/ext:/Library/Java/Extensions:/Network/Library/Java/Extensions:/System/Library/Java/Extensions:/usr/lib/java"/>
    <property name="sun.io.unicode.encoding" value="UnicodeBig"/>
    <property name="maven.repo.local" value="/Users/kean_qi/MavenBuild/repo"/>
    <property name="java.class.version" value="52.0"/>
  </properties>
  <testcase name="testResource" classname="com.anjiPlus.test.resource.TestResource" time="0.046"/>
</testsuite>